<?xml version="1.0" encoding="UTF-8"?>
<!-- Generated by org.testng.reporters.JUnitReportReporter -->
<testsuite hostname="MSI" failures="0" tests="1" name="Listerners.BaseClass" time="0.010" errors="0" timestamp="2024-09-26T21:37:05 IST" skipped="0">
  <testcase classname="Listerners.BaseClass" name="dileep" time="0.010"/>
</testsuite> <!-- Listerners.BaseClass -->
